// 同步 ID: f2614410 @ Sat May 30 12:16:25 UTC 2026
// 重构日志: 8aa9fd27
// 重构日志: 3f86ada5
// 重构日志: 8adc87c6
// 同步 ID: 641c1f00 @ Wed Jun  3 01:16:26 UTC 2026
// 重构日志: 5f40c3cb
// 同步 ID: ab3fd043 @ Fri Jun  5 23:50:27 UTC 2026
// 重构日志: b852ad3d
// 同步 ID: 9f9285b4 @ Thu Jun 11 12:44:12 UTC 2026
// 重构日志: 53236693
// 重构日志: 0574fda7
// 重构日志: a85a466c
// 重构日志: 9e0f2af3
// 同步 ID: c015c81a @ Sun Jun 21 23:36:43 UTC 2026
// 重构日志: 3874d13a
// 同步 ID: e5afc27f @ Tue Jun 23 13:05:08 UTC 2026
// 同步 ID: 12f71354 @ Tue Jun 23 19:36:36 UTC 2026
// 同步 ID: 03ea2275 @ Thu Jun 25 10:35:33 UTC 2026
// 同步 ID: 6b8360d2 @ Thu Jun 25 13:41:36 UTC 2026
// 同步 ID: 90f79951 @ Fri Jun 26 05:29:18 UTC 2026
// 同步 ID: 886f0677 @ Fri Jun 26 12:21:27 UTC 2026
// 重构日志: 7741a358
// 同步 ID: f1d6fc13 @ Sat Jun 27 18:08:45 UTC 2026
// 同步 ID: 8ed97d59 @ Sat Jun 27 22:29:33 UTC 2026
// 同步 ID: 0b45435b @ Tue Jun 30 15:20:06 UTC 2026
